2018-02-25 17:13:40,114 - SimpleLog4JLogSystem initialized using logfile 'velocity.log'
2018-02-25 17:13:40,114 - ************************************************************** 
2018-02-25 17:13:40,115 - Starting Jakarta Velocity v1.4
2018-02-25 17:13:40,115 - RuntimeInstance initializing.
2018-02-25 17:13:40,115 - Default Properties File: org\apache\velocity\runtime\defaults\velocity.properties
2018-02-25 17:13:40,115 - Trying to use logger class org.apache.velocity.runtime.log.SimpleLog4JLogSystem
2018-02-25 17:13:40,115 - Using logger class org.apache.velocity.runtime.log.SimpleLog4JLogSystem
2018-02-25 17:13:40,117 - Default ResourceManager initializing. (class org.apache.velocity.runtime.resource.ResourceManagerImpl)
2018-02-25 17:13:40,120 - Resource Loader Instantiated: org.apache.velocity.runtime.resource.loader.ClasspathResourceLoader
2018-02-25 17:13:40,120 - ClasspathResourceLoader : initialization starting.
2018-02-25 17:13:40,120 - ClasspathResourceLoader : initialization complete.
2018-02-25 17:13:40,122 - ResourceCache : initialized. (class org.apache.velocity.runtime.resource.ResourceCacheImpl)
2018-02-25 17:13:40,122 - Default ResourceManager initialization complete.
2018-02-25 17:13:40,124 - Loaded System Directive: org.apache.velocity.runtime.directive.Literal
2018-02-25 17:13:40,126 - Loaded System Directive: org.apache.velocity.runtime.directive.Macro
2018-02-25 17:13:40,128 - Loaded System Directive: org.apache.velocity.runtime.directive.Parse
2018-02-25 17:13:40,130 - Loaded System Directive: org.apache.velocity.runtime.directive.Include
2018-02-25 17:13:40,131 - Loaded System Directive: org.apache.velocity.runtime.directive.Foreach
2018-02-25 17:13:40,155 - Created: 20 parsers.
2018-02-25 17:13:40,162 - Velocimacro : initialization starting.
2018-02-25 17:13:40,162 - Velocimacro : adding VMs from VM library template : VM_global_library.vm
2018-02-25 17:13:40,171 - ResourceManager : unable to find resource 'VM_global_library.vm' in any resource loader.
2018-02-25 17:13:40,171 - Velocimacro : error using  VM library template VM_global_library.vm : org.apache.velocity.exception.ResourceNotFoundException: Unable to find resource 'VM_global_library.vm'
2018-02-25 17:13:40,171 - Velocimacro :  VM library template macro registration complete.
2018-02-25 17:13:40,171 - Velocimacro : allowInline = true : VMs can be defined inline in templates
2018-02-25 17:13:40,171 - Velocimacro : allowInlineToOverride = false : VMs defined inline may NOT replace previous VM definitions
2018-02-25 17:13:40,171 - Velocimacro : allowInlineLocal = false : VMs defined inline will be  global in scope if allowed.
2018-02-25 17:13:40,171 - Velocimacro : messages on  : VM system will output logging messages
2018-02-25 17:13:40,171 - Velocimacro : autoload off  : VM system will not automatically reload global library macros
2018-02-25 17:13:40,171 - Velocimacro : initialization complete.
2018-02-25 17:13:40,171 - Velocity successfully started.
2018-02-25 17:14:53,879 - SimpleLog4JLogSystem initialized using logfile 'velocity.log'
2018-02-25 17:14:53,879 - ************************************************************** 
2018-02-25 17:14:53,879 - Starting Jakarta Velocity v1.4
2018-02-25 17:14:53,879 - RuntimeInstance initializing.
2018-02-25 17:14:53,879 - Default Properties File: org\apache\velocity\runtime\defaults\velocity.properties
2018-02-25 17:14:53,879 - Trying to use logger class org.apache.velocity.runtime.log.SimpleLog4JLogSystem
2018-02-25 17:14:53,879 - Using logger class org.apache.velocity.runtime.log.SimpleLog4JLogSystem
2018-02-25 17:14:53,882 - Default ResourceManager initializing. (class org.apache.velocity.runtime.resource.ResourceManagerImpl)
2018-02-25 17:14:53,885 - Resource Loader Instantiated: org.apache.velocity.runtime.resource.loader.ClasspathResourceLoader
2018-02-25 17:14:53,885 - ClasspathResourceLoader : initialization starting.
2018-02-25 17:14:53,885 - ClasspathResourceLoader : initialization complete.
2018-02-25 17:14:53,886 - ResourceCache : initialized. (class org.apache.velocity.runtime.resource.ResourceCacheImpl)
2018-02-25 17:14:53,886 - Default ResourceManager initialization complete.
2018-02-25 17:14:53,889 - Loaded System Directive: org.apache.velocity.runtime.directive.Literal
2018-02-25 17:14:53,891 - Loaded System Directive: org.apache.velocity.runtime.directive.Macro
2018-02-25 17:14:53,893 - Loaded System Directive: org.apache.velocity.runtime.directive.Parse
2018-02-25 17:14:53,895 - Loaded System Directive: org.apache.velocity.runtime.directive.Include
2018-02-25 17:14:53,896 - Loaded System Directive: org.apache.velocity.runtime.directive.Foreach
2018-02-25 17:14:53,924 - Created: 20 parsers.
2018-02-25 17:14:53,932 - Velocimacro : initialization starting.
2018-02-25 17:14:53,932 - Velocimacro : adding VMs from VM library template : VM_global_library.vm
2018-02-25 17:14:53,941 - ResourceManager : unable to find resource 'VM_global_library.vm' in any resource loader.
2018-02-25 17:14:53,942 - Velocimacro : error using  VM library template VM_global_library.vm : org.apache.velocity.exception.ResourceNotFoundException: Unable to find resource 'VM_global_library.vm'
2018-02-25 17:14:53,942 - Velocimacro :  VM library template macro registration complete.
2018-02-25 17:14:53,942 - Velocimacro : allowInline = true : VMs can be defined inline in templates
2018-02-25 17:14:53,942 - Velocimacro : allowInlineToOverride = false : VMs defined inline may NOT replace previous VM definitions
2018-02-25 17:14:53,942 - Velocimacro : allowInlineLocal = false : VMs defined inline will be  global in scope if allowed.
2018-02-25 17:14:53,942 - Velocimacro : messages on  : VM system will output logging messages
2018-02-25 17:14:53,942 - Velocimacro : autoload off  : VM system will not automatically reload global library macros
2018-02-25 17:14:53,942 - Velocimacro : initialization complete.
2018-02-25 17:14:53,942 - Velocity successfully started.
2018-02-25 17:15:16,784 - ResourceManager : found repast/simphony/parameter/parameters.vt with loader org.apache.velocity.runtime.resource.loader.ClasspathResourceLoader
2018-02-25 17:15:18,819 - ResourceManager : found repast/simphony/scenario/Scenario.vt with loader org.apache.velocity.runtime.resource.loader.ClasspathResourceLoader
2018-02-25 17:15:50,126 - ResourceManager : found repast/simphony/parameter/parameters.vt with loader org.apache.velocity.runtime.resource.loader.ClasspathResourceLoader
2018-02-25 17:16:07,933 - ResourceManager : found repast/simphony/parameter/parameters.vt with loader org.apache.velocity.runtime.resource.loader.ClasspathResourceLoader
2018-02-25 17:16:27,687 - ResourceManager : found repast/simphony/parameter/parameters.vt with loader org.apache.velocity.runtime.resource.loader.ClasspathResourceLoader
2018-02-25 17:16:29,011 - ResourceManager : found repast/simphony/scenario/Scenario.vt with loader org.apache.velocity.runtime.resource.loader.ClasspathResourceLoader
2018-02-25 17:17:13,306 - SimpleLog4JLogSystem initialized using logfile 'velocity.log'
2018-02-25 17:17:13,307 - ************************************************************** 
2018-02-25 17:17:13,307 - Starting Jakarta Velocity v1.4
2018-02-25 17:17:13,307 - RuntimeInstance initializing.
2018-02-25 17:17:13,307 - Default Properties File: org\apache\velocity\runtime\defaults\velocity.properties
2018-02-25 17:17:13,307 - Trying to use logger class org.apache.velocity.runtime.log.SimpleLog4JLogSystem
2018-02-25 17:17:13,307 - Using logger class org.apache.velocity.runtime.log.SimpleLog4JLogSystem
2018-02-25 17:17:13,310 - Default ResourceManager initializing. (class org.apache.velocity.runtime.resource.ResourceManagerImpl)
2018-02-25 17:17:13,312 - Resource Loader Instantiated: org.apache.velocity.runtime.resource.loader.ClasspathResourceLoader
2018-02-25 17:17:13,312 - ClasspathResourceLoader : initialization starting.
2018-02-25 17:17:13,312 - ClasspathResourceLoader : initialization complete.
2018-02-25 17:17:13,314 - ResourceCache : initialized. (class org.apache.velocity.runtime.resource.ResourceCacheImpl)
2018-02-25 17:17:13,314 - Default ResourceManager initialization complete.
2018-02-25 17:17:13,317 - Loaded System Directive: org.apache.velocity.runtime.directive.Literal
2018-02-25 17:17:13,318 - Loaded System Directive: org.apache.velocity.runtime.directive.Macro
2018-02-25 17:17:13,321 - Loaded System Directive: org.apache.velocity.runtime.directive.Parse
2018-02-25 17:17:13,323 - Loaded System Directive: org.apache.velocity.runtime.directive.Include
2018-02-25 17:17:13,324 - Loaded System Directive: org.apache.velocity.runtime.directive.Foreach
2018-02-25 17:17:13,349 - Created: 20 parsers.
2018-02-25 17:17:13,356 - Velocimacro : initialization starting.
2018-02-25 17:17:13,356 - Velocimacro : adding VMs from VM library template : VM_global_library.vm
2018-02-25 17:17:13,365 - ResourceManager : unable to find resource 'VM_global_library.vm' in any resource loader.
2018-02-25 17:17:13,365 - Velocimacro : error using  VM library template VM_global_library.vm : org.apache.velocity.exception.ResourceNotFoundException: Unable to find resource 'VM_global_library.vm'
2018-02-25 17:17:13,365 - Velocimacro :  VM library template macro registration complete.
2018-02-25 17:17:13,366 - Velocimacro : allowInline = true : VMs can be defined inline in templates
2018-02-25 17:17:13,366 - Velocimacro : allowInlineToOverride = false : VMs defined inline may NOT replace previous VM definitions
2018-02-25 17:17:13,366 - Velocimacro : allowInlineLocal = false : VMs defined inline will be  global in scope if allowed.
2018-02-25 17:17:13,366 - Velocimacro : messages on  : VM system will output logging messages
2018-02-25 17:17:13,366 - Velocimacro : autoload off  : VM system will not automatically reload global library macros
2018-02-25 17:17:13,366 - Velocimacro : initialization complete.
2018-02-25 17:17:13,366 - Velocity successfully started.
2018-02-25 17:19:04,673 - SimpleLog4JLogSystem initialized using logfile 'velocity.log'
2018-02-25 17:19:04,673 - ************************************************************** 
2018-02-25 17:19:04,673 - Starting Jakarta Velocity v1.4
2018-02-25 17:19:04,673 - RuntimeInstance initializing.
2018-02-25 17:19:04,673 - Default Properties File: org\apache\velocity\runtime\defaults\velocity.properties
2018-02-25 17:19:04,673 - Trying to use logger class org.apache.velocity.runtime.log.SimpleLog4JLogSystem
2018-02-25 17:19:04,673 - Using logger class org.apache.velocity.runtime.log.SimpleLog4JLogSystem
2018-02-25 17:19:04,676 - Default ResourceManager initializing. (class org.apache.velocity.runtime.resource.ResourceManagerImpl)
2018-02-25 17:19:04,679 - Resource Loader Instantiated: org.apache.velocity.runtime.resource.loader.ClasspathResourceLoader
2018-02-25 17:19:04,679 - ClasspathResourceLoader : initialization starting.
2018-02-25 17:19:04,679 - ClasspathResourceLoader : initialization complete.
2018-02-25 17:19:04,680 - ResourceCache : initialized. (class org.apache.velocity.runtime.resource.ResourceCacheImpl)
2018-02-25 17:19:04,680 - Default ResourceManager initialization complete.
2018-02-25 17:19:04,683 - Loaded System Directive: org.apache.velocity.runtime.directive.Literal
2018-02-25 17:19:04,684 - Loaded System Directive: org.apache.velocity.runtime.directive.Macro
2018-02-25 17:19:04,687 - Loaded System Directive: org.apache.velocity.runtime.directive.Parse
2018-02-25 17:19:04,689 - Loaded System Directive: org.apache.velocity.runtime.directive.Include
2018-02-25 17:19:04,690 - Loaded System Directive: org.apache.velocity.runtime.directive.Foreach
2018-02-25 17:19:04,714 - Created: 20 parsers.
2018-02-25 17:19:04,722 - Velocimacro : initialization starting.
2018-02-25 17:19:04,722 - Velocimacro : adding VMs from VM library template : VM_global_library.vm
2018-02-25 17:19:04,731 - ResourceManager : unable to find resource 'VM_global_library.vm' in any resource loader.
2018-02-25 17:19:04,731 - Velocimacro : error using  VM library template VM_global_library.vm : org.apache.velocity.exception.ResourceNotFoundException: Unable to find resource 'VM_global_library.vm'
2018-02-25 17:19:04,731 - Velocimacro :  VM library template macro registration complete.
2018-02-25 17:19:04,731 - Velocimacro : allowInline = true : VMs can be defined inline in templates
2018-02-25 17:19:04,732 - Velocimacro : allowInlineToOverride = false : VMs defined inline may NOT replace previous VM definitions
2018-02-25 17:19:04,732 - Velocimacro : allowInlineLocal = false : VMs defined inline will be  global in scope if allowed.
2018-02-25 17:19:04,732 - Velocimacro : messages on  : VM system will output logging messages
2018-02-25 17:19:04,732 - Velocimacro : autoload off  : VM system will not automatically reload global library macros
2018-02-25 17:19:04,732 - Velocimacro : initialization complete.
2018-02-25 17:19:04,732 - Velocity successfully started.
2018-02-25 17:19:45,229 - SimpleLog4JLogSystem initialized using logfile 'velocity.log'
2018-02-25 17:19:45,229 - ************************************************************** 
2018-02-25 17:19:45,229 - Starting Jakarta Velocity v1.4
2018-02-25 17:19:45,229 - RuntimeInstance initializing.
2018-02-25 17:19:45,229 - Default Properties File: org\apache\velocity\runtime\defaults\velocity.properties
2018-02-25 17:19:45,229 - Trying to use logger class org.apache.velocity.runtime.log.SimpleLog4JLogSystem
2018-02-25 17:19:45,229 - Using logger class org.apache.velocity.runtime.log.SimpleLog4JLogSystem
2018-02-25 17:19:45,232 - Default ResourceManager initializing. (class org.apache.velocity.runtime.resource.ResourceManagerImpl)
2018-02-25 17:19:45,235 - Resource Loader Instantiated: org.apache.velocity.runtime.resource.loader.ClasspathResourceLoader
2018-02-25 17:19:45,235 - ClasspathResourceLoader : initialization starting.
2018-02-25 17:19:45,235 - ClasspathResourceLoader : initialization complete.
2018-02-25 17:19:45,236 - ResourceCache : initialized. (class org.apache.velocity.runtime.resource.ResourceCacheImpl)
2018-02-25 17:19:45,237 - Default ResourceManager initialization complete.
2018-02-25 17:19:45,239 - Loaded System Directive: org.apache.velocity.runtime.directive.Literal
2018-02-25 17:19:45,241 - Loaded System Directive: org.apache.velocity.runtime.directive.Macro
2018-02-25 17:19:45,243 - Loaded System Directive: org.apache.velocity.runtime.directive.Parse
2018-02-25 17:19:45,245 - Loaded System Directive: org.apache.velocity.runtime.directive.Include
2018-02-25 17:19:45,246 - Loaded System Directive: org.apache.velocity.runtime.directive.Foreach
2018-02-25 17:19:45,271 - Created: 20 parsers.
2018-02-25 17:19:45,278 - Velocimacro : initialization starting.
2018-02-25 17:19:45,278 - Velocimacro : adding VMs from VM library template : VM_global_library.vm
2018-02-25 17:19:45,286 - ResourceManager : unable to find resource 'VM_global_library.vm' in any resource loader.
2018-02-25 17:19:45,287 - Velocimacro : error using  VM library template VM_global_library.vm : org.apache.velocity.exception.ResourceNotFoundException: Unable to find resource 'VM_global_library.vm'
2018-02-25 17:19:45,287 - Velocimacro :  VM library template macro registration complete.
2018-02-25 17:19:45,287 - Velocimacro : allowInline = true : VMs can be defined inline in templates
2018-02-25 17:19:45,287 - Velocimacro : allowInlineToOverride = false : VMs defined inline may NOT replace previous VM definitions
2018-02-25 17:19:45,287 - Velocimacro : allowInlineLocal = false : VMs defined inline will be  global in scope if allowed.
2018-02-25 17:19:45,287 - Velocimacro : messages on  : VM system will output logging messages
2018-02-25 17:19:45,287 - Velocimacro : autoload off  : VM system will not automatically reload global library macros
2018-02-25 17:19:45,287 - Velocimacro : initialization complete.
2018-02-25 17:19:45,287 - Velocity successfully started.
2018-02-25 17:20:23,814 - SimpleLog4JLogSystem initialized using logfile 'velocity.log'
2018-02-25 17:20:23,814 - ************************************************************** 
2018-02-25 17:20:23,814 - Starting Jakarta Velocity v1.4
2018-02-25 17:20:23,814 - RuntimeInstance initializing.
2018-02-25 17:20:23,814 - Default Properties File: org\apache\velocity\runtime\defaults\velocity.properties
2018-02-25 17:20:23,814 - Trying to use logger class org.apache.velocity.runtime.log.SimpleLog4JLogSystem
2018-02-25 17:20:23,814 - Using logger class org.apache.velocity.runtime.log.SimpleLog4JLogSystem
2018-02-25 17:20:23,818 - Default ResourceManager initializing. (class org.apache.velocity.runtime.resource.ResourceManagerImpl)
2018-02-25 17:20:23,820 - Resource Loader Instantiated: org.apache.velocity.runtime.resource.loader.ClasspathResourceLoader
2018-02-25 17:20:23,820 - ClasspathResourceLoader : initialization starting.
2018-02-25 17:20:23,821 - ClasspathResourceLoader : initialization complete.
2018-02-25 17:20:23,822 - ResourceCache : initialized. (class org.apache.velocity.runtime.resource.ResourceCacheImpl)
2018-02-25 17:20:23,822 - Default ResourceManager initialization complete.
2018-02-25 17:20:23,825 - Loaded System Directive: org.apache.velocity.runtime.directive.Literal
2018-02-25 17:20:23,827 - Loaded System Directive: org.apache.velocity.runtime.directive.Macro
2018-02-25 17:20:23,829 - Loaded System Directive: org.apache.velocity.runtime.directive.Parse
2018-02-25 17:20:23,831 - Loaded System Directive: org.apache.velocity.runtime.directive.Include
2018-02-25 17:20:23,832 - Loaded System Directive: org.apache.velocity.runtime.directive.Foreach
2018-02-25 17:20:23,856 - Created: 20 parsers.
2018-02-25 17:20:23,863 - Velocimacro : initialization starting.
2018-02-25 17:20:23,863 - Velocimacro : adding VMs from VM library template : VM_global_library.vm
2018-02-25 17:20:23,873 - ResourceManager : unable to find resource 'VM_global_library.vm' in any resource loader.
2018-02-25 17:20:23,874 - Velocimacro : error using  VM library template VM_global_library.vm : org.apache.velocity.exception.ResourceNotFoundException: Unable to find resource 'VM_global_library.vm'
2018-02-25 17:20:23,874 - Velocimacro :  VM library template macro registration complete.
2018-02-25 17:20:23,874 - Velocimacro : allowInline = true : VMs can be defined inline in templates
2018-02-25 17:20:23,874 - Velocimacro : allowInlineToOverride = false : VMs defined inline may NOT replace previous VM definitions
2018-02-25 17:20:23,874 - Velocimacro : allowInlineLocal = false : VMs defined inline will be  global in scope if allowed.
2018-02-25 17:20:23,874 - Velocimacro : messages on  : VM system will output logging messages
2018-02-25 17:20:23,874 - Velocimacro : autoload off  : VM system will not automatically reload global library macros
2018-02-25 17:20:23,874 - Velocimacro : initialization complete.
2018-02-25 17:20:23,874 - Velocity successfully started.
2018-02-27 15:10:06,796 - SimpleLog4JLogSystem initialized using logfile 'velocity.log'
2018-02-27 15:10:06,796 - ************************************************************** 
2018-02-27 15:10:06,797 - Starting Jakarta Velocity v1.4
2018-02-27 15:10:06,797 - RuntimeInstance initializing.
2018-02-27 15:10:06,797 - Default Properties File: org\apache\velocity\runtime\defaults\velocity.properties
2018-02-27 15:10:06,797 - Trying to use logger class org.apache.velocity.runtime.log.SimpleLog4JLogSystem
2018-02-27 15:10:06,797 - Using logger class org.apache.velocity.runtime.log.SimpleLog4JLogSystem
2018-02-27 15:10:06,801 - Default ResourceManager initializing. (class org.apache.velocity.runtime.resource.ResourceManagerImpl)
2018-02-27 15:10:06,804 - Resource Loader Instantiated: org.apache.velocity.runtime.resource.loader.ClasspathResourceLoader
2018-02-27 15:10:06,804 - ClasspathResourceLoader : initialization starting.
2018-02-27 15:10:06,804 - ClasspathResourceLoader : initialization complete.
2018-02-27 15:10:06,806 - ResourceCache : initialized. (class org.apache.velocity.runtime.resource.ResourceCacheImpl)
2018-02-27 15:10:06,806 - Default ResourceManager initialization complete.
2018-02-27 15:10:06,809 - Loaded System Directive: org.apache.velocity.runtime.directive.Literal
2018-02-27 15:10:06,811 - Loaded System Directive: org.apache.velocity.runtime.directive.Macro
2018-02-27 15:10:06,816 - Loaded System Directive: org.apache.velocity.runtime.directive.Parse
2018-02-27 15:10:06,819 - Loaded System Directive: org.apache.velocity.runtime.directive.Include
2018-02-27 15:10:06,821 - Loaded System Directive: org.apache.velocity.runtime.directive.Foreach
2018-02-27 15:10:06,858 - Created: 20 parsers.
2018-02-27 15:10:06,871 - Velocimacro : initialization starting.
2018-02-27 15:10:06,872 - Velocimacro : adding VMs from VM library template : VM_global_library.vm
2018-02-27 15:10:06,882 - ResourceManager : unable to find resource 'VM_global_library.vm' in any resource loader.
2018-02-27 15:10:06,883 - Velocimacro : error using  VM library template VM_global_library.vm : org.apache.velocity.exception.ResourceNotFoundException: Unable to find resource 'VM_global_library.vm'
2018-02-27 15:10:06,883 - Velocimacro :  VM library template macro registration complete.
2018-02-27 15:10:06,883 - Velocimacro : allowInline = true : VMs can be defined inline in templates
2018-02-27 15:10:06,883 - Velocimacro : allowInlineToOverride = false : VMs defined inline may NOT replace previous VM definitions
2018-02-27 15:10:06,883 - Velocimacro : allowInlineLocal = false : VMs defined inline will be  global in scope if allowed.
2018-02-27 15:10:06,883 - Velocimacro : messages on  : VM system will output logging messages
2018-02-27 15:10:06,883 - Velocimacro : autoload off  : VM system will not automatically reload global library macros
2018-02-27 15:10:06,883 - Velocimacro : initialization complete.
2018-02-27 15:10:06,883 - Velocity successfully started.
2018-02-27 15:11:18,882 - SimpleLog4JLogSystem initialized using logfile 'velocity.log'
2018-02-27 15:11:18,882 - ************************************************************** 
2018-02-27 15:11:18,882 - Starting Jakarta Velocity v1.4
2018-02-27 15:11:18,883 - RuntimeInstance initializing.
2018-02-27 15:11:18,883 - Default Properties File: org\apache\velocity\runtime\defaults\velocity.properties
2018-02-27 15:11:18,883 - Trying to use logger class org.apache.velocity.runtime.log.SimpleLog4JLogSystem
2018-02-27 15:11:18,883 - Using logger class org.apache.velocity.runtime.log.SimpleLog4JLogSystem
2018-02-27 15:11:18,887 - Default ResourceManager initializing. (class org.apache.velocity.runtime.resource.ResourceManagerImpl)
2018-02-27 15:11:18,890 - Resource Loader Instantiated: org.apache.velocity.runtime.resource.loader.ClasspathResourceLoader
2018-02-27 15:11:18,890 - ClasspathResourceLoader : initialization starting.
2018-02-27 15:11:18,890 - ClasspathResourceLoader : initialization complete.
2018-02-27 15:11:18,893 - ResourceCache : initialized. (class org.apache.velocity.runtime.resource.ResourceCacheImpl)
2018-02-27 15:11:18,893 - Default ResourceManager initialization complete.
2018-02-27 15:11:18,896 - Loaded System Directive: org.apache.velocity.runtime.directive.Literal
2018-02-27 15:11:18,898 - Loaded System Directive: org.apache.velocity.runtime.directive.Macro
2018-02-27 15:11:18,902 - Loaded System Directive: org.apache.velocity.runtime.directive.Parse
2018-02-27 15:11:18,905 - Loaded System Directive: org.apache.velocity.runtime.directive.Include
2018-02-27 15:11:18,906 - Loaded System Directive: org.apache.velocity.runtime.directive.Foreach
2018-02-27 15:11:18,954 - Created: 20 parsers.
2018-02-27 15:11:18,966 - Velocimacro : initialization starting.
2018-02-27 15:11:18,966 - Velocimacro : adding VMs from VM library template : VM_global_library.vm
2018-02-27 15:11:18,976 - ResourceManager : unable to find resource 'VM_global_library.vm' in any resource loader.
2018-02-27 15:11:18,976 - Velocimacro : error using  VM library template VM_global_library.vm : org.apache.velocity.exception.ResourceNotFoundException: Unable to find resource 'VM_global_library.vm'
2018-02-27 15:11:18,976 - Velocimacro :  VM library template macro registration complete.
2018-02-27 15:11:18,976 - Velocimacro : allowInline = true : VMs can be defined inline in templates
2018-02-27 15:11:18,976 - Velocimacro : allowInlineToOverride = false : VMs defined inline may NOT replace previous VM definitions
2018-02-27 15:11:18,977 - Velocimacro : allowInlineLocal = false : VMs defined inline will be  global in scope if allowed.
2018-02-27 15:11:18,977 - Velocimacro : messages on  : VM system will output logging messages
2018-02-27 15:11:18,977 - Velocimacro : autoload off  : VM system will not automatically reload global library macros
2018-02-27 15:11:18,977 - Velocimacro : initialization complete.
2018-02-27 15:11:18,977 - Velocity successfully started.
2018-02-27 15:12:27,296 - SimpleLog4JLogSystem initialized using logfile 'velocity.log'
2018-02-27 15:12:27,296 - ************************************************************** 
2018-02-27 15:12:27,297 - Starting Jakarta Velocity v1.4
2018-02-27 15:12:27,297 - RuntimeInstance initializing.
2018-02-27 15:12:27,297 - Default Properties File: org\apache\velocity\runtime\defaults\velocity.properties
2018-02-27 15:12:27,297 - Trying to use logger class org.apache.velocity.runtime.log.SimpleLog4JLogSystem
2018-02-27 15:12:27,297 - Using logger class org.apache.velocity.runtime.log.SimpleLog4JLogSystem
2018-02-27 15:12:27,301 - Default ResourceManager initializing. (class org.apache.velocity.runtime.resource.ResourceManagerImpl)
2018-02-27 15:12:27,306 - Resource Loader Instantiated: org.apache.velocity.runtime.resource.loader.ClasspathResourceLoader
2018-02-27 15:12:27,306 - ClasspathResourceLoader : initialization starting.
2018-02-27 15:12:27,306 - ClasspathResourceLoader : initialization complete.
2018-02-27 15:12:27,309 - ResourceCache : initialized. (class org.apache.velocity.runtime.resource.ResourceCacheImpl)
2018-02-27 15:12:27,309 - Default ResourceManager initialization complete.
2018-02-27 15:12:27,312 - Loaded System Directive: org.apache.velocity.runtime.directive.Literal
2018-02-27 15:12:27,314 - Loaded System Directive: org.apache.velocity.runtime.directive.Macro
2018-02-27 15:12:27,318 - Loaded System Directive: org.apache.velocity.runtime.directive.Parse
2018-02-27 15:12:27,320 - Loaded System Directive: org.apache.velocity.runtime.directive.Include
2018-02-27 15:12:27,322 - Loaded System Directive: org.apache.velocity.runtime.directive.Foreach
2018-02-27 15:12:27,358 - Created: 20 parsers.
2018-02-27 15:12:27,367 - Velocimacro : initialization starting.
2018-02-27 15:12:27,367 - Velocimacro : adding VMs from VM library template : VM_global_library.vm
2018-02-27 15:12:27,378 - ResourceManager : unable to find resource 'VM_global_library.vm' in any resource loader.
2018-02-27 15:12:27,378 - Velocimacro : error using  VM library template VM_global_library.vm : org.apache.velocity.exception.ResourceNotFoundException: Unable to find resource 'VM_global_library.vm'
2018-02-27 15:12:27,378 - Velocimacro :  VM library template macro registration complete.
2018-02-27 15:12:27,378 - Velocimacro : allowInline = true : VMs can be defined inline in templates
2018-02-27 15:12:27,378 - Velocimacro : allowInlineToOverride = false : VMs defined inline may NOT replace previous VM definitions
2018-02-27 15:12:27,378 - Velocimacro : allowInlineLocal = false : VMs defined inline will be  global in scope if allowed.
2018-02-27 15:12:27,378 - Velocimacro : messages on  : VM system will output logging messages
2018-02-27 15:12:27,378 - Velocimacro : autoload off  : VM system will not automatically reload global library macros
2018-02-27 15:12:27,378 - Velocimacro : initialization complete.
2018-02-27 15:12:27,378 - Velocity successfully started.
